ARM GAS  C:\Users\yqin18\AppData\Local\Temp\ccmLRNqz.s 			page 1


   1              		.syntax unified
   2              		.cpu cortex-m3
   3              		.fpu softvfp
   4              		.eabi_attribute 20, 1
   5              		.eabi_attribute 21, 1
   6              		.eabi_attribute 23, 3
   7              		.eabi_attribute 24, 1
   8              		.eabi_attribute 25, 1
   9              		.eabi_attribute 26, 1
  10              		.eabi_attribute 30, 1
  11              		.eabi_attribute 34, 1
  12              		.eabi_attribute 18, 4
  13              		.thumb
  14              		.syntax unified
  15              		.file	"cymetadata.c"
  16              		.text
  17              	.Ltext0:
  18              		.cfi_sections	.debug_frame
  19              		.global	cy_metadata
  20              		.global	cy_meta_flashprotect
  21              		.global	cy_meta_wonvl
  22              		.global	cy_meta_custnvl
  23              		.global	cy_meta_configecc
  24              		.section	.cyconfigecc,"a",%progbits
  25              		.align	2
  26              		.type	cy_meta_configecc, %object
  27              		.size	cy_meta_configecc, 1076
  28              	cy_meta_configecc:
  29 0000 02       		.byte	2
  30 0001 4F       		.byte	79
  31 0002 00       		.byte	0
  32 0003 40       		.byte	64
  33 0004 02       		.byte	2
  34 0005 52       		.byte	82
  35 0006 00       		.byte	0
  36 0007 40       		.byte	64
  37 0008 01       		.byte	1
  38 0009 64       		.byte	100
  39 000a 00       		.byte	0
  40 000b 40       		.byte	64
  41 000c 02       		.byte	2
  42 000d 65       		.byte	101
  43 000e 00       		.byte	0
  44 000f 40       		.byte	64
  45 0010 01       		.byte	1
  46 0011 05       		.byte	5
  47 0012 01       		.byte	1
  48 0013 40       		.byte	64
  49 0014 55       		.byte	85
  50 0015 08       		.byte	8
  51 0016 01       		.byte	1
  52 0017 40       		.byte	64
  53 0018 34       		.byte	52
  54 0019 09       		.byte	9
  55 001a 01       		.byte	1
  56 001b 40       		.byte	64
  57 001c 04       		.byte	4
ARM GAS  C:\Users\yqin18\AppData\Local\Temp\ccmLRNqz.s 			page 2


  58 001d 0A       		.byte	10
  59 001e 01       		.byte	1
  60 001f 40       		.byte	64
  61 0020 03       		.byte	3
  62 0021 0B       		.byte	11
  63 0022 01       		.byte	1
  64 0023 40       		.byte	64
  65 0024 01       		.byte	1
  66 0025 15       		.byte	21
  67 0026 01       		.byte	1
  68 0027 40       		.byte	64
  69 0028 54       		.byte	84
  70 0029 18       		.byte	24
  71 002a 01       		.byte	1
  72 002b 40       		.byte	64
  73 002c 47       		.byte	71
  74 002d 19       		.byte	25
  75 002e 01       		.byte	1
  76 002f 40       		.byte	64
  77 0030 09       		.byte	9
  78 0031 1A       		.byte	26
  79 0032 01       		.byte	1
  80 0033 40       		.byte	64
  81 0034 43       		.byte	67
  82 0035 1B       		.byte	27
  83 0036 01       		.byte	1
  84 0037 40       		.byte	64
  85 0038 04       		.byte	4
  86 0039 42       		.byte	66
  87 003a 01       		.byte	1
  88 003b 40       		.byte	64
  89 003c 02       		.byte	2
  90 003d 44       		.byte	68
  91 003e 01       		.byte	1
  92 003f 40       		.byte	64
  93 0040 01       		.byte	1
  94 0041 45       		.byte	69
  95 0042 01       		.byte	1
  96 0043 40       		.byte	64
  97 0044 03       		.byte	3
  98 0045 46       		.byte	70
  99 0046 01       		.byte	1
 100 0047 40       		.byte	64
 101 0048 03       		.byte	3
 102 0049 47       		.byte	71
 103 004a 01       		.byte	1
 104 004b 40       		.byte	64
 105 004c 02       		.byte	2
 106 004d 48       		.byte	72
 107 004e 01       		.byte	1
 108 004f 40       		.byte	64
 109 0050 01       		.byte	1
 110 0051 49       		.byte	73
 111 0052 01       		.byte	1
 112 0053 40       		.byte	64
 113 0054 06       		.byte	6
 114 0055 4C       		.byte	76
ARM GAS  C:\Users\yqin18\AppData\Local\Temp\ccmLRNqz.s 			page 3


 115 0056 01       		.byte	1
 116 0057 40       		.byte	64
 117 0058 04       		.byte	4
 118 0059 4D       		.byte	77
 119 005a 01       		.byte	1
 120 005b 40       		.byte	64
 121 005c 04       		.byte	4
 122 005d 50       		.byte	80
 123 005e 01       		.byte	1
 124 005f 40       		.byte	64
 125 0060 01       		.byte	1
 126 0061 80       		.byte	-128
 127 0062 0A       		.byte	10
 128 0063 4B       		.byte	75
 129 0064 09       		.byte	9
 130 0065 80       		.byte	-128
 131 0066 0C       		.byte	12
 132 0067 40       		.byte	64
 133 0068 88       		.byte	-120
 134 0069 0F       		.byte	15
 135 006a 89       		.byte	-119
 136 006b 3C       		.byte	60
 137 006c 8A       		.byte	-118
 138 006d 72       		.byte	114
 139 006e E2       		.byte	-30
 140 006f 01       		.byte	1
 141 0070 01       		.byte	1
 142 0071 03       		.byte	3
 143 0072 02       		.byte	2
 144 0073 80       		.byte	-128
 145 0074 03       		.byte	3
 146 0075 04       		.byte	4
 147 0076 04       		.byte	4
 148 0077 C3       		.byte	-61
 149 0078 06       		.byte	6
 150 0079 30       		.byte	48
 151 007a 08       		.byte	8
 152 007b B0       		.byte	-80
 153 007c 09       		.byte	9
 154 007d 03       		.byte	3
 155 007e 0A       		.byte	10
 156 007f 47       		.byte	71
 157 0080 0B       		.byte	11
 158 0081 0C       		.byte	12
 159 0082 0F       		.byte	15
 160 0083 05       		.byte	5
 161 0084 10       		.byte	16
 162 0085 01       		.byte	1
 163 0086 12       		.byte	18
 164 0087 0E       		.byte	14
 165 0088 14       		.byte	20
 166 0089 40       		.byte	64
 167 008a 15       		.byte	21
 168 008b 03       		.byte	3
 169 008c 16       		.byte	22
 170 008d 03       		.byte	3
 171 008e 17       		.byte	23
ARM GAS  C:\Users\yqin18\AppData\Local\Temp\ccmLRNqz.s 			page 4


 172 008f 14       		.byte	20
 173 0090 18       		.byte	24
 174 0091 71       		.byte	113
 175 0092 1A       		.byte	26
 176 0093 88       		.byte	-120
 177 0094 1B       		.byte	27
 178 0095 08       		.byte	8
 179 0096 1C       		.byte	28
 180 0097 02       		.byte	2
 181 0098 1E       		.byte	30
 182 0099 01       		.byte	1
 183 009a 1F       		.byte	31
 184 009b 18       		.byte	24
 185 009c 20       		.byte	32
 186 009d 24       		.byte	36
 187 009e 22       		.byte	34
 188 009f 41       		.byte	65
 189 00a0 24       		.byte	36
 190 00a1 50       		.byte	80
 191 00a2 29       		.byte	41
 192 00a3 1A       		.byte	26
 193 00a4 2B       		.byte	43
 194 00a5 04       		.byte	4
 195 00a6 2E       		.byte	46
 196 00a7 80       		.byte	-128
 197 00a8 30       		.byte	48
 198 00a9 7F       		.byte	127
 199 00aa 33       		.byte	51
 200 00ab 1F       		.byte	31
 201 00ac 36       		.byte	54
 202 00ad 80       		.byte	-128
 203 00ae 3B       		.byte	59
 204 00af 08       		.byte	8
 205 00b0 3E       		.byte	62
 206 00b1 40       		.byte	64
 207 00b2 40       		.byte	64
 208 00b3 24       		.byte	36
 209 00b4 41       		.byte	65
 210 00b5 03       		.byte	3
 211 00b6 46       		.byte	70
 212 00b7 B0       		.byte	-80
 213 00b8 47       		.byte	71
 214 00b9 CE       		.byte	-50
 215 00ba 48       		.byte	72
 216 00bb 38       		.byte	56
 217 00bc 49       		.byte	73
 218 00bd FF       		.byte	-1
 219 00be 4A       		.byte	74
 220 00bf FF       		.byte	-1
 221 00c0 4B       		.byte	75
 222 00c1 FF       		.byte	-1
 223 00c2 4E       		.byte	78
 224 00c3 F0       		.byte	-16
 225 00c4 4F       		.byte	79
 226 00c5 44       		.byte	68
 227 00c6 50       		.byte	80
 228 00c7 0C       		.byte	12
ARM GAS  C:\Users\yqin18\AppData\Local\Temp\ccmLRNqz.s 			page 5


 229 00c8 54       		.byte	84
 230 00c9 01       		.byte	1
 231 00ca 58       		.byte	88
 232 00cb 04       		.byte	4
 233 00cc 59       		.byte	89
 234 00cd 04       		.byte	4
 235 00ce 5A       		.byte	90
 236 00cf 04       		.byte	4
 237 00d0 5B       		.byte	91
 238 00d1 04       		.byte	4
 239 00d2 5C       		.byte	92
 240 00d3 11       		.byte	17
 241 00d4 5D       		.byte	93
 242 00d5 11       		.byte	17
 243 00d6 5F       		.byte	95
 244 00d7 01       		.byte	1
 245 00d8 66       		.byte	102
 246 00d9 C0       		.byte	-64
 247 00da 6A       		.byte	106
 248 00db 40       		.byte	64
 249 00dc 6B       		.byte	107
 250 00dd 02       		.byte	2
 251 00de 82       		.byte	-126
 252 00df 03       		.byte	3
 253 00e0 84       		.byte	-124
 254 00e1 07       		.byte	7
 255 00e2 89       		.byte	-119
 256 00e3 01       		.byte	1
 257 00e4 8A       		.byte	-118
 258 00e5 04       		.byte	4
 259 00e6 8C       		.byte	-116
 260 00e7 04       		.byte	4
 261 00e8 8E       		.byte	-114
 262 00e9 01       		.byte	1
 263 00ea 90       		.byte	-112
 264 00eb 04       		.byte	4
 265 00ec 92       		.byte	-110
 266 00ed 02       		.byte	2
 267 00ee 94       		.byte	-108
 268 00ef 08       		.byte	8
 269 00f0 95       		.byte	-107
 270 00f1 01       		.byte	1
 271 00f2 96       		.byte	-106
 272 00f3 30       		.byte	48
 273 00f4 98       		.byte	-104
 274 00f5 20       		.byte	32
 275 00f6 9A       		.byte	-102
 276 00f7 18       		.byte	24
 277 00f8 9E       		.byte	-98
 278 00f9 20       		.byte	32
 279 00fa A1       		.byte	-95
 280 00fb 02       		.byte	2
 281 00fc A2       		.byte	-94
 282 00fd 18       		.byte	24
 283 00fe A4       		.byte	-92
 284 00ff 08       		.byte	8
 285 0100 A6       		.byte	-90
ARM GAS  C:\Users\yqin18\AppData\Local\Temp\ccmLRNqz.s 			page 6


 286 0101 30       		.byte	48
 287 0102 A8       		.byte	-88
 288 0103 07       		.byte	7
 289 0104 AB       		.byte	-85
 290 0105 01       		.byte	1
 291 0106 AC       		.byte	-84
 292 0107 04       		.byte	4
 293 0108 B0       		.byte	-80
 294 0109 07       		.byte	7
 295 010a B1       		.byte	-79
 296 010b 03       		.byte	3
 297 010c B4       		.byte	-76
 298 010d 38       		.byte	56
 299 010e B9       		.byte	-71
 300 010f 02       		.byte	2
 301 0110 BA       		.byte	-70
 302 0111 22       		.byte	34
 303 0112 D8       		.byte	-40
 304 0113 04       		.byte	4
 305 0114 D9       		.byte	-39
 306 0115 04       		.byte	4
 307 0116 DC       		.byte	-36
 308 0117 11       		.byte	17
 309 0118 DF       		.byte	-33
 310 0119 01       		.byte	1
 311 011a 00       		.byte	0
 312 011b A2       		.byte	-94
 313 011c 01       		.byte	1
 314 011d 08       		.byte	8
 315 011e 04       		.byte	4
 316 011f 10       		.byte	16
 317 0120 06       		.byte	6
 318 0121 40       		.byte	64
 319 0122 07       		.byte	7
 320 0123 28       		.byte	40
 321 0124 09       		.byte	9
 322 0125 08       		.byte	8
 323 0126 0A       		.byte	10
 324 0127 86       		.byte	-122
 325 0128 0E       		.byte	14
 326 0129 66       		.byte	102
 327 012a 10       		.byte	16
 328 012b 06       		.byte	6
 329 012c 12       		.byte	18
 330 012d 40       		.byte	64
 331 012e 13       		.byte	19
 332 012f 08       		.byte	8
 333 0130 15       		.byte	21
 334 0131 02       		.byte	2
 335 0132 16       		.byte	22
 336 0133 22       		.byte	34
 337 0134 19       		.byte	25
 338 0135 20       		.byte	32
 339 0136 1A       		.byte	26
 340 0137 84       		.byte	-124
 341 0138 1C       		.byte	28
 342 0139 40       		.byte	64
ARM GAS  C:\Users\yqin18\AppData\Local\Temp\ccmLRNqz.s 			page 7


 343 013a 1E       		.byte	30
 344 013b 40       		.byte	64
 345 013c 1F       		.byte	31
 346 013d 40       		.byte	64
 347 013e 21       		.byte	33
 348 013f 01       		.byte	1
 349 0140 22       		.byte	34
 350 0141 01       		.byte	1
 351 0142 23       		.byte	35
 352 0143 80       		.byte	-128
 353 0144 25       		.byte	37
 354 0145 08       		.byte	8
 355 0146 26       		.byte	38
 356 0147 08       		.byte	8
 357 0148 27       		.byte	39
 358 0149 20       		.byte	32
 359 014a 29       		.byte	41
 360 014b 20       		.byte	32
 361 014c 2B       		.byte	43
 362 014d 40       		.byte	64
 363 014e 2D       		.byte	45
 364 014f 20       		.byte	32
 365 0150 31       		.byte	49
 366 0151 08       		.byte	8
 367 0152 36       		.byte	54
 368 0153 38       		.byte	56
 369 0154 37       		.byte	55
 370 0155 80       		.byte	-128
 371 0156 38       		.byte	56
 372 0157 10       		.byte	16
 373 0158 3C       		.byte	60
 374 0159 10       		.byte	16
 375 015a 3E       		.byte	62
 376 015b 02       		.byte	2
 377 015c 3F       		.byte	63
 378 015d 80       		.byte	-128
 379 015e 46       		.byte	70
 380 015f 40       		.byte	64
 381 0160 47       		.byte	71
 382 0161 28       		.byte	40
 383 0162 49       		.byte	73
 384 0163 80       		.byte	-128
 385 0164 4B       		.byte	75
 386 0165 80       		.byte	-128
 387 0166 56       		.byte	86
 388 0167 2A       		.byte	42
 389 0168 5C       		.byte	92
 390 0169 20       		.byte	32
 391 016a 5D       		.byte	93
 392 016b 80       		.byte	-128
 393 016c 5E       		.byte	94
 394 016d 08       		.byte	8
 395 016e 5F       		.byte	95
 396 016f 02       		.byte	2
 397 0170 B4       		.byte	-76
 398 0171 40       		.byte	64
 399 0172 C0       		.byte	-64
ARM GAS  C:\Users\yqin18\AppData\Local\Temp\ccmLRNqz.s 			page 8


 400 0173 7F       		.byte	127
 401 0174 C2       		.byte	-62
 402 0175 FF       		.byte	-1
 403 0176 C4       		.byte	-60
 404 0177 BF       		.byte	-65
 405 0178 CA       		.byte	-54
 406 0179 25       		.byte	37
 407 017a CC       		.byte	-52
 408 017b 72       		.byte	114
 409 017c CE       		.byte	-50
 410 017d B4       		.byte	-76
 411 017e D0       		.byte	-48
 412 017f E0       		.byte	-32
 413 0180 D6       		.byte	-42
 414 0181 F0       		.byte	-16
 415 0182 B9       		.byte	-71
 416 0183 0A       		.byte	10
 417 0184 BF       		.byte	-65
 418 0185 05       		.byte	5
 419 0186 D9       		.byte	-39
 420 0187 04       		.byte	4
 421 0188 DF       		.byte	-33
 422 0189 01       		.byte	1
 423 018a 24       		.byte	36
 424 018b 80       		.byte	-128
 425 018c 27       		.byte	39
 426 018d 20       		.byte	32
 427 018e 83       		.byte	-125
 428 018f 20       		.byte	32
 429 0190 EC       		.byte	-20
 430 0191 10       		.byte	16
 431 0192 02       		.byte	2
 432 0193 02       		.byte	2
 433 0194 04       		.byte	4
 434 0195 08       		.byte	8
 435 0196 05       		.byte	5
 436 0197 02       		.byte	2
 437 0198 06       		.byte	6
 438 0199 16       		.byte	22
 439 019a 08       		.byte	8
 440 019b 01       		.byte	1
 441 019c 0C       		.byte	12
 442 019d 08       		.byte	8
 443 019e 0F       		.byte	15
 444 019f 01       		.byte	1
 445 01a0 14       		.byte	20
 446 01a1 10       		.byte	16
 447 01a2 16       		.byte	22
 448 01a3 0A       		.byte	10
 449 01a4 18       		.byte	24
 450 01a5 1C       		.byte	28
 451 01a6 19       		.byte	25
 452 01a7 03       		.byte	3
 453 01a8 1A       		.byte	26
 454 01a9 02       		.byte	2
 455 01aa 1C       		.byte	28
 456 01ab 10       		.byte	16
ARM GAS  C:\Users\yqin18\AppData\Local\Temp\ccmLRNqz.s 			page 9


 457 01ac 22       		.byte	34
 458 01ad 1C       		.byte	28
 459 01ae 29       		.byte	41
 460 01af 03       		.byte	3
 461 01b0 31       		.byte	49
 462 01b1 03       		.byte	3
 463 01b2 32       		.byte	50
 464 01b3 06       		.byte	6
 465 01b4 34       		.byte	52
 466 01b5 01       		.byte	1
 467 01b6 36       		.byte	54
 468 01b7 18       		.byte	24
 469 01b8 39       		.byte	57
 470 01b9 02       		.byte	2
 471 01ba 3A       		.byte	58
 472 01bb 88       		.byte	-120
 473 01bc 3E       		.byte	62
 474 01bd 10       		.byte	16
 475 01be 3F       		.byte	63
 476 01bf 01       		.byte	1
 477 01c0 40       		.byte	64
 478 01c1 01       		.byte	1
 479 01c2 45       		.byte	69
 480 01c3 04       		.byte	4
 481 01c4 49       		.byte	73
 482 01c5 FF       		.byte	-1
 483 01c6 4A       		.byte	74
 484 01c7 07       		.byte	7
 485 01c8 4B       		.byte	75
 486 01c9 FF       		.byte	-1
 487 01ca 4C       		.byte	76
 488 01cb 40       		.byte	64
 489 01cc 4D       		.byte	77
 490 01cd 20       		.byte	32
 491 01ce 4E       		.byte	78
 492 01cf F0       		.byte	-16
 493 01d0 4F       		.byte	79
 494 01d1 05       		.byte	5
 495 01d2 50       		.byte	80
 496 01d3 08       		.byte	8
 497 01d4 58       		.byte	88
 498 01d5 04       		.byte	4
 499 01d6 59       		.byte	89
 500 01d7 04       		.byte	4
 501 01d8 5A       		.byte	90
 502 01d9 04       		.byte	4
 503 01da 5C       		.byte	92
 504 01db 01       		.byte	1
 505 01dc 5D       		.byte	93
 506 01dd 01       		.byte	1
 507 01de 5F       		.byte	95
 508 01df 01       		.byte	1
 509 01e0 60       		.byte	96
 510 01e1 40       		.byte	64
 511 01e2 61       		.byte	97
 512 01e3 A8       		.byte	-88
 513 01e4 62       		.byte	98
ARM GAS  C:\Users\yqin18\AppData\Local\Temp\ccmLRNqz.s 			page 10


 514 01e5 40       		.byte	64
 515 01e6 63       		.byte	99
 516 01e7 20       		.byte	32
 517 01e8 80       		.byte	-128
 518 01e9 20       		.byte	32
 519 01ea 84       		.byte	-124
 520 01eb 1F       		.byte	31
 521 01ec 88       		.byte	-120
 522 01ed 20       		.byte	32
 523 01ee 8C       		.byte	-116
 524 01ef 01       		.byte	1
 525 01f0 8D       		.byte	-115
 526 01f1 08       		.byte	8
 527 01f2 8E       		.byte	-114
 528 01f3 06       		.byte	6
 529 01f4 90       		.byte	-112
 530 01f5 20       		.byte	32
 531 01f6 93       		.byte	-109
 532 01f7 04       		.byte	4
 533 01f8 94       		.byte	-108
 534 01f9 1F       		.byte	31
 535 01fa 95       		.byte	-107
 536 01fb 02       		.byte	2
 537 01fc 97       		.byte	-105
 538 01fd 01       		.byte	1
 539 01fe 9A       		.byte	-102
 540 01ff 40       		.byte	64
 541 0200 9D       		.byte	-99
 542 0201 02       		.byte	2
 543 0202 9E       		.byte	-98
 544 0203 20       		.byte	32
 545 0204 9F       		.byte	-97
 546 0205 01       		.byte	1
 547 0206 A0       		.byte	-96
 548 0207 14       		.byte	20
 549 0208 A1       		.byte	-95
 550 0209 03       		.byte	3
 551 020a A2       		.byte	-94
 552 020b 09       		.byte	9
 553 020c A4       		.byte	-92
 554 020d 0A       		.byte	10
 555 020e A6       		.byte	-90
 556 020f 11       		.byte	17
 557 0210 A9       		.byte	-87
 558 0211 03       		.byte	3
 559 0212 AA       		.byte	-86
 560 0213 40       		.byte	64
 561 0214 AE       		.byte	-82
 562 0215 20       		.byte	32
 563 0216 B0       		.byte	-80
 564 0217 18       		.byte	24
 565 0218 B1       		.byte	-79
 566 0219 02       		.byte	2
 567 021a B2       		.byte	-78
 568 021b 20       		.byte	32
 569 021c B3       		.byte	-77
 570 021d 04       		.byte	4
ARM GAS  C:\Users\yqin18\AppData\Local\Temp\ccmLRNqz.s 			page 11


 571 021e B4       		.byte	-76
 572 021f 40       		.byte	64
 573 0220 B5       		.byte	-75
 574 0221 01       		.byte	1
 575 0222 B6       		.byte	-74
 576 0223 07       		.byte	7
 577 0224 B7       		.byte	-73
 578 0225 08       		.byte	8
 579 0226 B9       		.byte	-71
 580 0227 20       		.byte	32
 581 0228 BE       		.byte	-66
 582 0229 10       		.byte	16
 583 022a BF       		.byte	-65
 584 022b 41       		.byte	65
 585 022c D4       		.byte	-44
 586 022d 1C       		.byte	28
 587 022e D8       		.byte	-40
 588 022f 04       		.byte	4
 589 0230 D9       		.byte	-39
 590 0231 04       		.byte	4
 591 0232 DB       		.byte	-37
 592 0233 04       		.byte	4
 593 0234 DC       		.byte	-36
 594 0235 11       		.byte	17
 595 0236 DD       		.byte	-35
 596 0237 10       		.byte	16
 597 0238 DF       		.byte	-33
 598 0239 01       		.byte	1
 599 023a 01       		.byte	1
 600 023b A4       		.byte	-92
 601 023c 03       		.byte	3
 602 023d 80       		.byte	-128
 603 023e 04       		.byte	4
 604 023f 40       		.byte	64
 605 0240 06       		.byte	6
 606 0241 48       		.byte	72
 607 0242 07       		.byte	7
 608 0243 20       		.byte	32
 609 0244 09       		.byte	9
 610 0245 A0       		.byte	-96
 611 0246 0A       		.byte	10
 612 0247 A0       		.byte	-96
 613 0248 0E       		.byte	14
 614 0249 26       		.byte	38
 615 024a 10       		.byte	16
 616 024b 80       		.byte	-128
 617 024c 12       		.byte	18
 618 024d 08       		.byte	8
 619 024e 13       		.byte	19
 620 024f 48       		.byte	72
 621 0250 15       		.byte	21
 622 0251 02       		.byte	2
 623 0252 18       		.byte	24
 624 0253 04       		.byte	4
 625 0254 19       		.byte	25
 626 0255 80       		.byte	-128
 627 0256 1A       		.byte	26
ARM GAS  C:\Users\yqin18\AppData\Local\Temp\ccmLRNqz.s 			page 12


 628 0257 10       		.byte	16
 629 0258 1B       		.byte	27
 630 0259 02       		.byte	2
 631 025a 1C       		.byte	28
 632 025b 10       		.byte	16
 633 025c 1E       		.byte	30
 634 025d 2A       		.byte	42
 635 025e 1F       		.byte	31
 636 025f 08       		.byte	8
 637 0260 20       		.byte	32
 638 0261 20       		.byte	32
 639 0262 21       		.byte	33
 640 0263 20       		.byte	32
 641 0264 22       		.byte	34
 642 0265 01       		.byte	1
 643 0266 23       		.byte	35
 644 0267 01       		.byte	1
 645 0268 27       		.byte	39
 646 0269 40       		.byte	64
 647 026a 28       		.byte	40
 648 026b 04       		.byte	4
 649 026c 29       		.byte	41
 650 026d 20       		.byte	32
 651 026e 2B       		.byte	43
 652 026f 80       		.byte	-128
 653 0270 2F       		.byte	47
 654 0271 08       		.byte	8
 655 0272 30       		.byte	48
 656 0273 0A       		.byte	10
 657 0274 31       		.byte	49
 658 0275 04       		.byte	4
 659 0276 32       		.byte	50
 660 0277 40       		.byte	64
 661 0278 37       		.byte	55
 662 0279 20       		.byte	32
 663 027a 38       		.byte	56
 664 027b 40       		.byte	64
 665 027c 3E       		.byte	62
 666 027d 04       		.byte	4
 667 027e 3F       		.byte	63
 668 027f 80       		.byte	-128
 669 0280 47       		.byte	71
 670 0281 40       		.byte	64
 671 0282 4E       		.byte	78
 672 0283 20       		.byte	32
 673 0284 56       		.byte	86
 674 0285 40       		.byte	64
 675 0286 57       		.byte	87
 676 0287 40       		.byte	64
 677 0288 5A       		.byte	90
 678 0289 09       		.byte	9
 679 028a 60       		.byte	96
 680 028b 04       		.byte	4
 681 028c 62       		.byte	98
 682 028d 80       		.byte	-128
 683 028e 83       		.byte	-125
 684 028f 01       		.byte	1
ARM GAS  C:\Users\yqin18\AppData\Local\Temp\ccmLRNqz.s 			page 13


 685 0290 88       		.byte	-120
 686 0291 80       		.byte	-128
 687 0292 8B       		.byte	-117
 688 0293 12       		.byte	18
 689 0294 8D       		.byte	-115
 690 0295 84       		.byte	-124
 691 0296 90       		.byte	-112
 692 0297 40       		.byte	64
 693 0298 91       		.byte	-111
 694 0299 02       		.byte	2
 695 029a 92       		.byte	-110
 696 029b 84       		.byte	-124
 697 029c 94       		.byte	-108
 698 029d 10       		.byte	16
 699 029e 9A       		.byte	-102
 700 029f 08       		.byte	8
 701 02a0 9B       		.byte	-101
 702 02a1 20       		.byte	32
 703 02a2 9C       		.byte	-100
 704 02a3 04       		.byte	4
 705 02a4 9D       		.byte	-99
 706 02a5 08       		.byte	8
 707 02a6 9E       		.byte	-98
 708 02a7 40       		.byte	64
 709 02a8 A4       		.byte	-92
 710 02a9 53       		.byte	83
 711 02aa A6       		.byte	-90
 712 02ab 25       		.byte	37
 713 02ac A7       		.byte	-89
 714 02ad 40       		.byte	64
 715 02ae A8       		.byte	-88
 716 02af 20       		.byte	32
 717 02b0 AA       		.byte	-86
 718 02b1 0A       		.byte	10
 719 02b2 AB       		.byte	-85
 720 02b3 02       		.byte	2
 721 02b4 C0       		.byte	-64
 722 02b5 FF       		.byte	-1
 723 02b6 C2       		.byte	-62
 724 02b7 EF       		.byte	-17
 725 02b8 C4       		.byte	-60
 726 02b9 1F       		.byte	31
 727 02ba CA       		.byte	-54
 728 02bb 25       		.byte	37
 729 02bc CC       		.byte	-52
 730 02bd 2B       		.byte	43
 731 02be CE       		.byte	-50
 732 02bf 58       		.byte	88
 733 02c0 D0       		.byte	-48
 734 02c1 10       		.byte	16
 735 02c2 D6       		.byte	-42
 736 02c3 03       		.byte	3
 737 02c4 D8       		.byte	-40
 738 02c5 0C       		.byte	12
 739 02c6 E0       		.byte	-32
 740 02c7 01       		.byte	1
 741 02c8 87       		.byte	-121
ARM GAS  C:\Users\yqin18\AppData\Local\Temp\ccmLRNqz.s 			page 14


 742 02c9 01       		.byte	1
 743 02ca 8B       		.byte	-117
 744 02cb 01       		.byte	1
 745 02cc B7       		.byte	-73
 746 02cd 01       		.byte	1
 747 02ce BA       		.byte	-70
 748 02cf 80       		.byte	-128
 749 02d0 BF       		.byte	-65
 750 02d1 40       		.byte	64
 751 02d2 D8       		.byte	-40
 752 02d3 04       		.byte	4
 753 02d4 D9       		.byte	-39
 754 02d5 04       		.byte	4
 755 02d6 DC       		.byte	-36
 756 02d7 01       		.byte	1
 757 02d8 DF       		.byte	-33
 758 02d9 01       		.byte	1
 759 02da 00       		.byte	0
 760 02db 06       		.byte	6
 761 02dc 01       		.byte	1
 762 02dd 80       		.byte	-128
 763 02de 02       		.byte	2
 764 02df 04       		.byte	4
 765 02e0 08       		.byte	8
 766 02e1 20       		.byte	32
 767 02e2 09       		.byte	9
 768 02e3 80       		.byte	-128
 769 02e4 0A       		.byte	10
 770 02e5 80       		.byte	-128
 771 02e6 0B       		.byte	11
 772 02e7 10       		.byte	16
 773 02e8 10       		.byte	16
 774 02e9 AA       		.byte	-86
 775 02ea 18       		.byte	24
 776 02eb E4       		.byte	-28
 777 02ec 19       		.byte	25
 778 02ed 25       		.byte	37
 779 02ee 1A       		.byte	26
 780 02ef 01       		.byte	1
 781 02f0 1F       		.byte	31
 782 02f1 80       		.byte	-128
 783 02f2 20       		.byte	32
 784 02f3 02       		.byte	2
 785 02f4 21       		.byte	33
 786 02f5 21       		.byte	33
 787 02f6 22       		.byte	34
 788 02f7 04       		.byte	4
 789 02f8 26       		.byte	38
 790 02f9 80       		.byte	-128
 791 02fa 28       		.byte	40
 792 02fb 20       		.byte	32
 793 02fc 29       		.byte	41
 794 02fd 61       		.byte	97
 795 02fe 31       		.byte	49
 796 02ff 20       		.byte	32
 797 0300 32       		.byte	50
 798 0301 40       		.byte	64
ARM GAS  C:\Users\yqin18\AppData\Local\Temp\ccmLRNqz.s 			page 15


 799 0302 33       		.byte	51
 800 0303 04       		.byte	4
 801 0304 38       		.byte	56
 802 0305 20       		.byte	32
 803 0306 39       		.byte	57
 804 0307 46       		.byte	70
 805 0308 3E       		.byte	62
 806 0309 10       		.byte	16
 807 030a 3F       		.byte	63
 808 030b 04       		.byte	4
 809 030c 40       		.byte	64
 810 030d 40       		.byte	64
 811 030e 42       		.byte	66
 812 030f 10       		.byte	16
 813 0310 43       		.byte	67
 814 0311 80       		.byte	-128
 815 0312 48       		.byte	72
 816 0313 01       		.byte	1
 817 0314 49       		.byte	73
 818 0315 60       		.byte	96
 819 0316 4B       		.byte	75
 820 0317 44       		.byte	68
 821 0318 52       		.byte	82
 822 0319 08       		.byte	8
 823 031a 5A       		.byte	90
 824 031b 02       		.byte	2
 825 031c 69       		.byte	105
 826 031d 44       		.byte	68
 827 031e 6A       		.byte	106
 828 031f 20       		.byte	32
 829 0320 6B       		.byte	107
 830 0321 04       		.byte	4
 831 0322 70       		.byte	112
 832 0323 A8       		.byte	-88
 833 0324 88       		.byte	-120
 834 0325 20       		.byte	32
 835 0326 8B       		.byte	-117
 836 0327 80       		.byte	-128
 837 0328 8C       		.byte	-116
 838 0329 40       		.byte	64
 839 032a 8E       		.byte	-114
 840 032b 04       		.byte	4
 841 032c 92       		.byte	-110
 842 032d 92       		.byte	-110
 843 032e 93       		.byte	-109
 844 032f 10       		.byte	16
 845 0330 95       		.byte	-107
 846 0331 04       		.byte	4
 847 0332 96       		.byte	-106
 848 0333 29       		.byte	41
 849 0334 97       		.byte	-105
 850 0335 40       		.byte	64
 851 0336 99       		.byte	-103
 852 0337 80       		.byte	-128
 853 0338 9D       		.byte	-99
 854 0339 24       		.byte	36
 855 033a A0       		.byte	-96
ARM GAS  C:\Users\yqin18\AppData\Local\Temp\ccmLRNqz.s 			page 16


 856 033b 02       		.byte	2
 857 033c A1       		.byte	-95
 858 033d 80       		.byte	-128
 859 033e A4       		.byte	-92
 860 033f 01       		.byte	1
 861 0340 A6       		.byte	-90
 862 0341 88       		.byte	-120
 863 0342 A7       		.byte	-89
 864 0343 80       		.byte	-128
 865 0344 B0       		.byte	-80
 866 0345 4A       		.byte	74
 867 0346 B3       		.byte	-77
 868 0347 08       		.byte	8
 869 0348 B5       		.byte	-75
 870 0349 08       		.byte	8
 871 034a B7       		.byte	-73
 872 034b 80       		.byte	-128
 873 034c C0       		.byte	-64
 874 034d 0F       		.byte	15
 875 034e C2       		.byte	-62
 876 034f 0F       		.byte	15
 877 0350 C4       		.byte	-60
 878 0351 0F       		.byte	15
 879 0352 CA       		.byte	-54
 880 0353 0F       		.byte	15
 881 0354 CC       		.byte	-52
 882 0355 0E       		.byte	14
 883 0356 CE       		.byte	-50
 884 0357 6F       		.byte	111
 885 0358 D0       		.byte	-48
 886 0359 0B       		.byte	11
 887 035a D2       		.byte	-46
 888 035b 0C       		.byte	12
 889 035c D6       		.byte	-42
 890 035d 01       		.byte	1
 891 035e EC       		.byte	-20
 892 035f 10       		.byte	16
 893 0360 63       		.byte	99
 894 0361 01       		.byte	1
 895 0362 83       		.byte	-125
 896 0363 01       		.byte	1
 897 0364 D6       		.byte	-42
 898 0365 40       		.byte	64
 899 0366 E2       		.byte	-30
 900 0367 80       		.byte	-128
 901 0368 7C       		.byte	124
 902 0369 01       		.byte	1
 903 036a DE       		.byte	-34
 904 036b 01       		.byte	1
 905 036c 94       		.byte	-108
 906 036d 01       		.byte	1
 907 036e 45       		.byte	69
 908 036f 08       		.byte	8
 909 0370 94       		.byte	-108
 910 0371 01       		.byte	1
 911 0372 D0       		.byte	-48
 912 0373 01       		.byte	1
ARM GAS  C:\Users\yqin18\AppData\Local\Temp\ccmLRNqz.s 			page 17


 913 0374 A5       		.byte	-91
 914 0375 08       		.byte	8
 915 0376 B4       		.byte	-76
 916 0377 01       		.byte	1
 917 0378 EC       		.byte	-20
 918 0379 08       		.byte	8
 919 037a 25       		.byte	37
 920 037b 10       		.byte	16
 921 037c C8       		.byte	-56
 922 037d 20       		.byte	32
 923 037e B5       		.byte	-75
 924 037f 10       		.byte	16
 925 0380 09       		.byte	9
 926 0381 20       		.byte	32
 927 0382 62       		.byte	98
 928 0383 02       		.byte	2
 929 0384 82       		.byte	-126
 930 0385 02       		.byte	2
 931 0386 A5       		.byte	-91
 932 0387 08       		.byte	8
 933 0388 C2       		.byte	-62
 934 0389 02       		.byte	2
 935 038a D8       		.byte	-40
 936 038b 02       		.byte	2
 937 038c B1       		.byte	-79
 938 038d 20       		.byte	32
 939 038e B5       		.byte	-75
 940 038f 08       		.byte	8
 941 0390 EC       		.byte	-20
 942 0391 08       		.byte	8
 943 0392 EE       		.byte	-18
 944 0393 01       		.byte	1
 945 0394 00       		.byte	0
 946 0395 02       		.byte	2
 947 0396 0C       		.byte	12
 948 0397 02       		.byte	2
 949 0398 10       		.byte	16
 950 0399 02       		.byte	2
 951 039a 1C       		.byte	28
 952 039b 02       		.byte	2
 953 039c 00       		.byte	0
 954 039d 18       		.byte	24
 955 039e 61       		.byte	97
 956 039f 24       		.byte	36
 957 03a0 61       		.byte	97
 958 03a1 40       		.byte	64
 959 03a2 06       		.byte	6
 960 03a3 00       		.byte	0
 961 03a4 21       		.byte	33
 962 03a5 07       		.byte	7
 963 03a6 00       		.byte	0
 964 03a7 38       		.byte	56
 965 03a8 00       		.byte	0
 966 03a9 40       		.byte	64
 967 03aa 08       		.byte	8
 968 03ab 00       		.byte	0
 969 03ac 06       		.byte	6
ARM GAS  C:\Users\yqin18\AppData\Local\Temp\ccmLRNqz.s 			page 18


 970 03ad 00       		.byte	0
 971 03ae 61       		.byte	97
 972 03af 00       		.byte	0
 973 03b0 00       		.byte	0
 974 03b1 40       		.byte	64
 975 03b2 10       		.byte	16
 976 03b3 00       		.byte	0
 977 03b4 67       		.byte	103
 978 03b5 11       		.byte	17
 979 03b6 00       		.byte	0
 980 03b7 08       		.byte	8
 981 03b8 07       		.byte	7
 982 03b9 1A       		.byte	26
 983 03ba 60       		.byte	96
 984 03bb 25       		.byte	37
 985 03bc 04       		.byte	4
 986 03bd 0D       		.byte	13
 987 03be 00       		.byte	0
 988 03bf 12       		.byte	18
 989 03c0 02       		.byte	2
 990 03c1 3F       		.byte	63
 991 03c2 00       		.byte	0
 992 03c3 00       		.byte	0
 993 03c4 06       		.byte	6
 994 03c5 3D       		.byte	61
 995 03c6 00       		.byte	0
 996 03c7 02       		.byte	2
 997 03c8 00       		.byte	0
 998 03c9 00       		.byte	0
 999 03ca 10       		.byte	16
 1000 03cb 3F       		.byte	63
 1001 03cc 18       		.byte	24
 1002 03cd 1C       		.byte	28
 1003 03ce 46       		.byte	70
 1004 03cf 20       		.byte	32
 1005 03d0 07       		.byte	7
 1006 03d1 03       		.byte	3
 1007 03d2 20       		.byte	32
 1008 03d3 40       		.byte	64
 1009 03d4 00       		.byte	0
 1010 03d5 00       		.byte	0
 1011 03d6 28       		.byte	40
 1012 03d7 22       		.byte	34
 1013 03d8 00       		.byte	0
 1014 03d9 00       		.byte	0
 1015 03da 01       		.byte	1
 1016 03db 00       		.byte	0
 1017 03dc 65       		.byte	101
 1018 03dd 01       		.byte	1
 1019 03de 03       		.byte	3
 1020 03df 00       		.byte	0
 1021 03e0 04       		.byte	4
 1022 03e1 0C       		.byte	12
 1023 03e2 00       		.byte	0
 1024 03e3 0E       		.byte	14
 1025 03e4 11       		.byte	17
 1026 03e5 FF       		.byte	-1
ARM GAS  C:\Users\yqin18\AppData\Local\Temp\ccmLRNqz.s 			page 19


 1027 03e6 FF       		.byte	-1
 1028 03e7 FF       		.byte	-1
 1029 03e8 62       		.byte	98
 1030 03e9 A0       		.byte	-96
 1031 03ea F0       		.byte	-16
 1032 03eb 41       		.byte	65
 1033 03ec 0C       		.byte	12
 1034 03ed 00       		.byte	0
 1035 03ee 00       		.byte	0
 1036 03ef 00       		.byte	0
 1037 03f0 00       		.byte	0
 1038 03f1 00       		.byte	0
 1039 03f2 02       		.byte	2
 1040 03f3 13       		.byte	19
 1041 03f4 04       		.byte	4
 1042 03f5 04       		.byte	4
 1043 03f6 04       		.byte	4
 1044 03f7 04       		.byte	4
 1045 03f8 11       		.byte	17
 1046 03f9 11       		.byte	17
 1047 03fa 00       		.byte	0
 1048 03fb 01       		.byte	1
 1049 03fc 00       		.byte	0
 1050 03fd 00       		.byte	0
 1051 03fe 00       		.byte	0
 1052 03ff 00       		.byte	0
 1053 0400 00       		.byte	0
 1054 0401 00       		.byte	0
 1055 0402 40       		.byte	64
 1056 0403 02       		.byte	2
 1057 0404 00       		.byte	0
 1058 0405 10       		.byte	16
 1059 0406 30       		.byte	48
 1060 0407 10       		.byte	16
 1061 0408 00       		.byte	0
 1062 0409 10       		.byte	16
 1063 040a 10       		.byte	16
 1064 040b 12       		.byte	18
 1065 040c 00       		.byte	0
 1066 040d 00       		.byte	0
 1067 040e 00       		.byte	0
 1068 040f 00       		.byte	0
 1069 0410 00       		.byte	0
 1070 0411 00       		.byte	0
 1071 0412 00       		.byte	0
 1072 0413 00       		.byte	0
 1073 0414 00       		.byte	0
 1074 0415 00       		.byte	0
 1075 0416 00       		.byte	0
 1076 0417 00       		.byte	0
 1077 0418 00       		.byte	0
 1078 0419 00       		.byte	0
 1079 041a 00       		.byte	0
 1080 041b 00       		.byte	0
 1081 041c 00       		.byte	0
 1082 041d 00       		.byte	0
 1083 041e 00       		.byte	0
ARM GAS  C:\Users\yqin18\AppData\Local\Temp\ccmLRNqz.s 			page 20


 1084 041f 00       		.byte	0
 1085 0420 00       		.byte	0
 1086 0421 00       		.byte	0
 1087 0422 10       		.byte	16
 1088 0423 00       		.byte	0
 1089 0424 80       		.byte	-128
 1090 0425 00       		.byte	0
 1091 0426 40       		.byte	64
 1092 0427 8B       		.byte	-117
 1093 0428 8B       		.byte	-117
 1094 0429 00       		.byte	0
 1095 042a 80       		.byte	-128
 1096 042b 00       		.byte	0
 1097 042c 00       		.byte	0
 1098 042d 00       		.byte	0
 1099 042e 00       		.byte	0
 1100 042f 00       		.byte	0
 1101 0430 95       		.byte	-107
 1102 0431 00       		.byte	0
 1103 0432 18       		.byte	24
 1104 0433 01       		.byte	1
 1105              		.section	.cywolatch,"a",%progbits
 1106              		.align	2
 1107              		.type	cy_meta_wonvl, %object
 1108              		.size	cy_meta_wonvl, 4
 1109              	cy_meta_wonvl:
 1110 0000 BC       		.byte	-68
 1111 0001 90       		.byte	-112
 1112 0002 AC       		.byte	-84
 1113 0003 AF       		.byte	-81
 1114              		.section	.cycustnvl,"a",%progbits
 1115              		.align	2
 1116              		.type	cy_meta_custnvl, %object
 1117              		.size	cy_meta_custnvl, 4
 1118              	cy_meta_custnvl:
 1119 0000 00       		.byte	0
 1120 0001 00       		.byte	0
 1121 0002 40       		.byte	64
 1122 0003 05       		.byte	5
 1123              		.section	.cymeta,"a",%progbits
 1124              		.align	2
 1125              		.type	cy_metadata, %object
 1126              		.size	cy_metadata, 12
 1127              	cy_metadata:
 1128 0000 00       		.byte	0
 1129 0001 01       		.byte	1
 1130 0002 2E       		.byte	46
 1131 0003 16       		.byte	22
 1132 0004 10       		.byte	16
 1133 0005 69       		.byte	105
 1134 0006 00       		.byte	0
 1135 0007 01       		.byte	1
 1136 0008 00       		.byte	0
 1137 0009 00       		.byte	0
 1138 000a 00       		.byte	0
 1139 000b 00       		.byte	0
 1140              		.section	.cyflashprotect,"a",%progbits
ARM GAS  C:\Users\yqin18\AppData\Local\Temp\ccmLRNqz.s 			page 21


 1141              		.align	2
 1142              		.type	cy_meta_flashprotect, %object
 1143              		.size	cy_meta_flashprotect, 256
 1144              	cy_meta_flashprotect:
 1145 0000 00000000 		.space	256
 1145      00000000 
 1145      00000000 
 1145      00000000 
 1145      00000000 
 1146              		.text
 1147              	.Letext0:
 1148              		.file 1 "c:\\program files (x86)\\cypress\\psoc creator\\4.2\\psoc creator\\import\\gnu\\arm\\5.4.
 1149              		.file 2 "c:\\program files (x86)\\cypress\\psoc creator\\4.2\\psoc creator\\import\\gnu\\arm\\5.4.
 1150              		.file 3 "Generated_Source\\PSoC5\\cymetadata.c"
 1151              		.section	.debug_info,"",%progbits
 1152              	.Ldebug_info0:
 1153 0000 31010000 		.4byte	0x131
 1154 0004 0400     		.2byte	0x4
 1155 0006 00000000 		.4byte	.Ldebug_abbrev0
 1156 000a 04       		.byte	0x4
 1157 000b 01       		.uleb128 0x1
 1158 000c 24000000 		.4byte	.LASF17
 1159 0010 0C       		.byte	0xc
 1160 0011 7E010000 		.4byte	.LASF18
 1161 0015 A2010000 		.4byte	.LASF19
 1162 0019 00000000 		.4byte	.Ldebug_line0
 1163 001d 02       		.uleb128 0x2
 1164 001e 01       		.byte	0x1
 1165 001f 06       		.byte	0x6
 1166 0020 72010000 		.4byte	.LASF0
 1167 0024 03       		.uleb128 0x3
 1168 0025 00000000 		.4byte	.LASF9
 1169 0029 01       		.byte	0x1
 1170 002a 1D       		.byte	0x1d
 1171 002b 2F000000 		.4byte	0x2f
 1172 002f 02       		.uleb128 0x2
 1173 0030 01       		.byte	0x1
 1174 0031 08       		.byte	0x8
 1175 0032 16000000 		.4byte	.LASF1
 1176 0036 02       		.uleb128 0x2
 1177 0037 02       		.byte	0x2
 1178 0038 05       		.byte	0x5
 1179 0039 5F010000 		.4byte	.LASF2
 1180 003d 02       		.uleb128 0x2
 1181 003e 02       		.byte	0x2
 1182 003f 07       		.byte	0x7
 1183 0040 C4000000 		.4byte	.LASF3
 1184 0044 02       		.uleb128 0x2
 1185 0045 04       		.byte	0x4
 1186 0046 05       		.byte	0x5
 1187 0047 69010000 		.4byte	.LASF4
 1188 004b 02       		.uleb128 0x2
 1189 004c 04       		.byte	0x4
 1190 004d 07       		.byte	0x7
 1191 004e B2000000 		.4byte	.LASF5
 1192 0052 02       		.uleb128 0x2
 1193 0053 08       		.byte	0x8
ARM GAS  C:\Users\yqin18\AppData\Local\Temp\ccmLRNqz.s 			page 22


 1194 0054 05       		.byte	0x5
 1195 0055 51010000 		.4byte	.LASF6
 1196 0059 02       		.uleb128 0x2
 1197 005a 08       		.byte	0x8
 1198 005b 07       		.byte	0x7
 1199 005c 06010000 		.4byte	.LASF7
 1200 0060 04       		.uleb128 0x4
 1201 0061 04       		.byte	0x4
 1202 0062 05       		.byte	0x5
 1203 0063 696E7400 		.ascii	"int\000"
 1204 0067 02       		.uleb128 0x2
 1205 0068 04       		.byte	0x4
 1206 0069 07       		.byte	0x7
 1207 006a F9000000 		.4byte	.LASF8
 1208 006e 03       		.uleb128 0x3
 1209 006f 1D010000 		.4byte	.LASF10
 1210 0073 02       		.byte	0x2
 1211 0074 18       		.byte	0x18
 1212 0075 24000000 		.4byte	0x24
 1213 0079 05       		.uleb128 0x5
 1214 007a 91000000 		.4byte	0x91
 1215 007e 8A000000 		.4byte	0x8a
 1216 0082 06       		.uleb128 0x6
 1217 0083 8A000000 		.4byte	0x8a
 1218 0087 3304     		.2byte	0x433
 1219 0089 00       		.byte	0
 1220 008a 02       		.uleb128 0x2
 1221 008b 04       		.byte	0x4
 1222 008c 07       		.byte	0x7
 1223 008d 48010000 		.4byte	.LASF11
 1224 0091 07       		.uleb128 0x7
 1225 0092 6E000000 		.4byte	0x6e
 1226 0096 08       		.uleb128 0x8
 1227 0097 E7000000 		.4byte	.LASF12
 1228 009b 03       		.byte	0x3
 1229 009c 1F       		.byte	0x1f
 1230 009d A7000000 		.4byte	0xa7
 1231 00a1 05       		.uleb128 0x5
 1232 00a2 03       		.byte	0x3
 1233 00a3 00000000 		.4byte	cy_meta_configecc
 1234 00a7 07       		.uleb128 0x7
 1235 00a8 79000000 		.4byte	0x79
 1236 00ac 05       		.uleb128 0x5
 1237 00ad 91000000 		.4byte	0x91
 1238 00b1 BC000000 		.4byte	0xbc
 1239 00b5 09       		.uleb128 0x9
 1240 00b6 8A000000 		.4byte	0x8a
 1241 00ba 03       		.byte	0x3
 1242 00bb 00       		.byte	0
 1243 00bc 08       		.uleb128 0x8
 1244 00bd D7000000 		.4byte	.LASF13
 1245 00c1 03       		.byte	0x3
 1246 00c2 B3       		.byte	0xb3
 1247 00c3 CD000000 		.4byte	0xcd
 1248 00c7 05       		.uleb128 0x5
 1249 00c8 03       		.byte	0x3
 1250 00c9 00000000 		.4byte	cy_meta_custnvl
ARM GAS  C:\Users\yqin18\AppData\Local\Temp\ccmLRNqz.s 			page 23


 1251 00cd 07       		.uleb128 0x7
 1252 00ce AC000000 		.4byte	0xac
 1253 00d2 08       		.uleb128 0x8
 1254 00d3 3A010000 		.4byte	.LASF14
 1255 00d7 03       		.byte	0x3
 1256 00d8 C1       		.byte	0xc1
 1257 00d9 E3000000 		.4byte	0xe3
 1258 00dd 05       		.uleb128 0x5
 1259 00de 03       		.byte	0x3
 1260 00df 00000000 		.4byte	cy_meta_wonvl
 1261 00e3 07       		.uleb128 0x7
 1262 00e4 AC000000 		.4byte	0xac
 1263 00e8 05       		.uleb128 0x5
 1264 00e9 91000000 		.4byte	0x91
 1265 00ed F8000000 		.4byte	0xf8
 1266 00f1 09       		.uleb128 0x9
 1267 00f2 8A000000 		.4byte	0x8a
 1268 00f6 FF       		.byte	0xff
 1269 00f7 00       		.byte	0
 1270 00f8 08       		.uleb128 0x8
 1271 00f9 25010000 		.4byte	.LASF15
 1272 00fd 03       		.byte	0x3
 1273 00fe CF       		.byte	0xcf
 1274 00ff 09010000 		.4byte	0x109
 1275 0103 05       		.uleb128 0x5
 1276 0104 03       		.byte	0x3
 1277 0105 00000000 		.4byte	cy_meta_flashprotect
 1278 0109 07       		.uleb128 0x7
 1279 010a E8000000 		.4byte	0xe8
 1280 010e 05       		.uleb128 0x5
 1281 010f 91000000 		.4byte	0x91
 1282 0113 1E010000 		.4byte	0x11e
 1283 0117 09       		.uleb128 0x9
 1284 0118 8A000000 		.4byte	0x8a
 1285 011c 0B       		.byte	0xb
 1286 011d 00       		.byte	0
 1287 011e 08       		.uleb128 0x8
 1288 011f 0A000000 		.4byte	.LASF16
 1289 0123 03       		.byte	0x3
 1290 0124 FC       		.byte	0xfc
 1291 0125 2F010000 		.4byte	0x12f
 1292 0129 05       		.uleb128 0x5
 1293 012a 03       		.byte	0x3
 1294 012b 00000000 		.4byte	cy_metadata
 1295 012f 07       		.uleb128 0x7
 1296 0130 0E010000 		.4byte	0x10e
 1297 0134 00       		.byte	0
 1298              		.section	.debug_abbrev,"",%progbits
 1299              	.Ldebug_abbrev0:
 1300 0000 01       		.uleb128 0x1
 1301 0001 11       		.uleb128 0x11
 1302 0002 01       		.byte	0x1
 1303 0003 25       		.uleb128 0x25
 1304 0004 0E       		.uleb128 0xe
 1305 0005 13       		.uleb128 0x13
 1306 0006 0B       		.uleb128 0xb
 1307 0007 03       		.uleb128 0x3
ARM GAS  C:\Users\yqin18\AppData\Local\Temp\ccmLRNqz.s 			page 24


 1308 0008 0E       		.uleb128 0xe
 1309 0009 1B       		.uleb128 0x1b
 1310 000a 0E       		.uleb128 0xe
 1311 000b 10       		.uleb128 0x10
 1312 000c 17       		.uleb128 0x17
 1313 000d 00       		.byte	0
 1314 000e 00       		.byte	0
 1315 000f 02       		.uleb128 0x2
 1316 0010 24       		.uleb128 0x24
 1317 0011 00       		.byte	0
 1318 0012 0B       		.uleb128 0xb
 1319 0013 0B       		.uleb128 0xb
 1320 0014 3E       		.uleb128 0x3e
 1321 0015 0B       		.uleb128 0xb
 1322 0016 03       		.uleb128 0x3
 1323 0017 0E       		.uleb128 0xe
 1324 0018 00       		.byte	0
 1325 0019 00       		.byte	0
 1326 001a 03       		.uleb128 0x3
 1327 001b 16       		.uleb128 0x16
 1328 001c 00       		.byte	0
 1329 001d 03       		.uleb128 0x3
 1330 001e 0E       		.uleb128 0xe
 1331 001f 3A       		.uleb128 0x3a
 1332 0020 0B       		.uleb128 0xb
 1333 0021 3B       		.uleb128 0x3b
 1334 0022 0B       		.uleb128 0xb
 1335 0023 49       		.uleb128 0x49
 1336 0024 13       		.uleb128 0x13
 1337 0025 00       		.byte	0
 1338 0026 00       		.byte	0
 1339 0027 04       		.uleb128 0x4
 1340 0028 24       		.uleb128 0x24
 1341 0029 00       		.byte	0
 1342 002a 0B       		.uleb128 0xb
 1343 002b 0B       		.uleb128 0xb
 1344 002c 3E       		.uleb128 0x3e
 1345 002d 0B       		.uleb128 0xb
 1346 002e 03       		.uleb128 0x3
 1347 002f 08       		.uleb128 0x8
 1348 0030 00       		.byte	0
 1349 0031 00       		.byte	0
 1350 0032 05       		.uleb128 0x5
 1351 0033 01       		.uleb128 0x1
 1352 0034 01       		.byte	0x1
 1353 0035 49       		.uleb128 0x49
 1354 0036 13       		.uleb128 0x13
 1355 0037 01       		.uleb128 0x1
 1356 0038 13       		.uleb128 0x13
 1357 0039 00       		.byte	0
 1358 003a 00       		.byte	0
 1359 003b 06       		.uleb128 0x6
 1360 003c 21       		.uleb128 0x21
 1361 003d 00       		.byte	0
 1362 003e 49       		.uleb128 0x49
 1363 003f 13       		.uleb128 0x13
 1364 0040 2F       		.uleb128 0x2f
ARM GAS  C:\Users\yqin18\AppData\Local\Temp\ccmLRNqz.s 			page 25


 1365 0041 05       		.uleb128 0x5
 1366 0042 00       		.byte	0
 1367 0043 00       		.byte	0
 1368 0044 07       		.uleb128 0x7
 1369 0045 26       		.uleb128 0x26
 1370 0046 00       		.byte	0
 1371 0047 49       		.uleb128 0x49
 1372 0048 13       		.uleb128 0x13
 1373 0049 00       		.byte	0
 1374 004a 00       		.byte	0
 1375 004b 08       		.uleb128 0x8
 1376 004c 34       		.uleb128 0x34
 1377 004d 00       		.byte	0
 1378 004e 03       		.uleb128 0x3
 1379 004f 0E       		.uleb128 0xe
 1380 0050 3A       		.uleb128 0x3a
 1381 0051 0B       		.uleb128 0xb
 1382 0052 3B       		.uleb128 0x3b
 1383 0053 0B       		.uleb128 0xb
 1384 0054 49       		.uleb128 0x49
 1385 0055 13       		.uleb128 0x13
 1386 0056 3F       		.uleb128 0x3f
 1387 0057 19       		.uleb128 0x19
 1388 0058 02       		.uleb128 0x2
 1389 0059 18       		.uleb128 0x18
 1390 005a 00       		.byte	0
 1391 005b 00       		.byte	0
 1392 005c 09       		.uleb128 0x9
 1393 005d 21       		.uleb128 0x21
 1394 005e 00       		.byte	0
 1395 005f 49       		.uleb128 0x49
 1396 0060 13       		.uleb128 0x13
 1397 0061 2F       		.uleb128 0x2f
 1398 0062 0B       		.uleb128 0xb
 1399 0063 00       		.byte	0
 1400 0064 00       		.byte	0
 1401 0065 00       		.byte	0
 1402              		.section	.debug_aranges,"",%progbits
 1403 0000 14000000 		.4byte	0x14
 1404 0004 0200     		.2byte	0x2
 1405 0006 00000000 		.4byte	.Ldebug_info0
 1406 000a 04       		.byte	0x4
 1407 000b 00       		.byte	0
 1408 000c 0000     		.2byte	0
 1409 000e 0000     		.2byte	0
 1410 0010 00000000 		.4byte	0
 1411 0014 00000000 		.4byte	0
 1412              		.section	.debug_line,"",%progbits
 1413              	.Ldebug_line0:
 1414 0000 3D010000 		.section	.debug_str,"MS",%progbits,1
 1414      02003701 
 1414      00000201 
 1414      FB0E0D00 
 1414      01010101 
 1415              	.LASF9:
 1416 0000 5F5F7569 		.ascii	"__uint8_t\000"
 1416      6E74385F 
ARM GAS  C:\Users\yqin18\AppData\Local\Temp\ccmLRNqz.s 			page 26


 1416      7400
 1417              	.LASF16:
 1418 000a 63795F6D 		.ascii	"cy_metadata\000"
 1418      65746164 
 1418      61746100 
 1419              	.LASF1:
 1420 0016 756E7369 		.ascii	"unsigned char\000"
 1420      676E6564 
 1420      20636861 
 1420      7200
 1421              	.LASF17:
 1422 0024 474E5520 		.ascii	"GNU C11 5.4.1 20160609 (release) [ARM/embedded-5-br"
 1422      43313120 
 1422      352E342E 
 1422      31203230 
 1422      31363036 
 1423 0057 616E6368 		.ascii	"anch revision 237715] -mcpu=cortex-m3 -mthumb -g -O"
 1423      20726576 
 1423      6973696F 
 1423      6E203233 
 1423      37373135 
 1424 008a 67202D66 		.ascii	"g -ffunction-sections -ffat-lto-objects\000"
 1424      66756E63 
 1424      74696F6E 
 1424      2D736563 
 1424      74696F6E 
 1425              	.LASF5:
 1426 00b2 6C6F6E67 		.ascii	"long unsigned int\000"
 1426      20756E73 
 1426      69676E65 
 1426      6420696E 
 1426      7400
 1427              	.LASF3:
 1428 00c4 73686F72 		.ascii	"short unsigned int\000"
 1428      7420756E 
 1428      7369676E 
 1428      65642069 
 1428      6E7400
 1429              	.LASF13:
 1430 00d7 63795F6D 		.ascii	"cy_meta_custnvl\000"
 1430      6574615F 
 1430      63757374 
 1430      6E766C00 
 1431              	.LASF12:
 1432 00e7 63795F6D 		.ascii	"cy_meta_configecc\000"
 1432      6574615F 
 1432      636F6E66 
 1432      69676563 
 1432      6300
 1433              	.LASF8:
 1434 00f9 756E7369 		.ascii	"unsigned int\000"
 1434      676E6564 
 1434      20696E74 
 1434      00
 1435              	.LASF7:
 1436 0106 6C6F6E67 		.ascii	"long long unsigned int\000"
 1436      206C6F6E 
ARM GAS  C:\Users\yqin18\AppData\Local\Temp\ccmLRNqz.s 			page 27


 1436      6720756E 
 1436      7369676E 
 1436      65642069 
 1437              	.LASF10:
 1438 011d 75696E74 		.ascii	"uint8_t\000"
 1438      385F7400 
 1439              	.LASF15:
 1440 0125 63795F6D 		.ascii	"cy_meta_flashprotect\000"
 1440      6574615F 
 1440      666C6173 
 1440      6870726F 
 1440      74656374 
 1441              	.LASF14:
 1442 013a 63795F6D 		.ascii	"cy_meta_wonvl\000"
 1442      6574615F 
 1442      776F6E76 
 1442      6C00
 1443              	.LASF11:
 1444 0148 73697A65 		.ascii	"sizetype\000"
 1444      74797065 
 1444      00
 1445              	.LASF6:
 1446 0151 6C6F6E67 		.ascii	"long long int\000"
 1446      206C6F6E 
 1446      6720696E 
 1446      7400
 1447              	.LASF2:
 1448 015f 73686F72 		.ascii	"short int\000"
 1448      7420696E 
 1448      7400
 1449              	.LASF4:
 1450 0169 6C6F6E67 		.ascii	"long int\000"
 1450      20696E74 
 1450      00
 1451              	.LASF0:
 1452 0172 7369676E 		.ascii	"signed char\000"
 1452      65642063 
 1452      68617200 
 1453              	.LASF18:
 1454 017e 47656E65 		.ascii	"Generated_Source\\PSoC5\\cymetadata.c\000"
 1454      72617465 
 1454      645F536F 
 1454      75726365 
 1454      5C50536F 
 1455              	.LASF19:
 1456 01a2 433A5C55 		.ascii	"C:\\Users\\yqin18\\Documents\\PSoC Creator\\Lab4\\p"
 1456      73657273 
 1456      5C797169 
 1456      6E31385C 
 1456      446F6375 
 1457 01cf 61727431 		.ascii	"art1.cydsn\000"
 1457      2E637964 
 1457      736E00
 1458              		.ident	"GCC: (GNU Tools for ARM Embedded Processors) 5.4.1 20160609 (release) [ARM/embedded-5-bran
